********************************************************************************
DUPLICATOR-LITE PACKAGE-LOG: 3 February 2022 22h32
NOTICE: Do NOT post to public sites or forums 
********************************************************************************
VERSION:	1.4.4
WORDPRESS:	5.9
PHP INFO:	8.0.1 | SAPI: apache2handler
SERVER:		Apache/2.4.33 (Win64) OpenSSL/1.0.2u mod_fcgid/2.3.9 PHP/8.0.1 
PHP TIME LIMIT: (0) no time limit imposed 
PHP MAX MEMORY: 4294967296 (128M default) 
MEMORY STACK: 2MB

********************************************************************************
DATABASE:
********************************************************************************
BUILD MODE:   MYSQLDUMP
MYSQLTIMEOUT: 5000
MYSQLDUMP:    Is Supported
SQL CREATED: 20220203_timcsf_0e1dd5a891b9fcc25868_20220203223248_database.sql
SQL FILE SIZE: 317.82KB (325451)
SQL FILE TIME: 2022-02-03 22:33:00
SQL RUNTIME: 1.51 sec.

********************************************************************************
ARCHIVE (ZIP):
********************************************************************************
ARCHIVE DIR:  C:/MAMP/htdocs/Sites/timcsf_2022/public
ARCHIVE FILE: 20220203_timcsf_0e1dd5a891b9fcc25868_20220203223248_archive.zip
FILTERS: *OFF*
DIRS:
	not set
FILES:
	not set
EXTS:  not set
----------------------------------------
COMPRESSING
SIZE:	64.06MB
STATS:	Dirs 335 | Files 3,074
SQL ADDED: 20220203_timcsf_0e1dd5a891b9fcc25868_20220203223248_database.sql
ZipArchive Object
(
    [lastId] => 3408
    [status] => 0
    [statusSys] => 0
    [numFiles] => 3409
    [filename] => C:\MAMP\htdocs\Sites\timcsf_2022\public\wp-content\backups-dup-lite\tmp\20220203_timcsf_0e1dd5a891b9fcc25868_20220203223248_archive.zip
    [comment] => 
)

FILE ADDED TO ZIP: 3408
COMPRESSION RESULT: '1'
COMPRESSED SIZE: 18.18MB
ARCHIVE RUNTIME: 9.10 sec.
MEMORY STACK: 4MB
building installer
add_extra_files1
add_extra_files2
add_extra_files3
add_extra_files4
Doing archive file check
add_extra_files5
add_extra_files6
add_extra_files8
Successfully opened zip C:/MAMP/htdocs/Sites/timcsf_2022/public/wp-content/backups-dup-lite/tmp/20220203_timcsf_0e1dd5a891b9fcc25868_20220203223248_archive.zip
Adding enhanced installer files to archive using ZipArchive
Installer files added to archive
Added to archive
After ziparchive close when adding installer

********************************************************************************
INTEGRITY CHECKS:
********************************************************************************
SQL FILE: 317.82KB
INSTALLER FILE: 64.59KB
ARCHIVE FILE: 19.2MB 
COMPTE ATTENDU DE FICHIERS/RÉPERTOIRES : 3,409
COMPTE ACTUEL DE FICHIERS/RÉPERTOIRES : 3,408
TEST DE COHÉRENCE D’ARCHIVE : Bon

********************************************************************************
RECORD ID:[1]
TOTAL PROCESS RUNTIME: 12.23 sec.
PEAK PHP MEMORY USED: 4MB
DONE PROCESSING => 20220203_timcsf 3 February 2022 22h33

